<?xml version="1.0" encoding="UTF-8"?>
<testsuite name="JUnitXmlReporter.constructor" errors="0" skipped="1" tests="3" failures="1" time="0.006" timestamp="2013-05-24T10:23:58">
    <testcase name="Aufgabe 4:  Beispiel aus dem Aufgabenblatt" time="0.001" classname="Aufgabe 4: ">
    <failure type="">Expected &lt;anonymous&gt;({ 3: 1, Hi: 1, hi: 1, constructor: 1, _: 1, 10€: 2 }) to equal &lt;anonymous&gt;({ 3: 1, hi: 2, constructor: 1, _: 1, 10€: 2 }).
/home/gereon/Schreibtisch/evalTest/ex-7_9-moodle-karma-test-execution/test-classes/test_ex4.js:40:50
    </failure>
    </testcase>
</testsuite>